
###################################################
### ###
### Starting MotoHawk Build ###
### MotoHawk version: 2016a_sp1.1722 ###
### MATLAB version: 9.0.0.341360 (R2016a) ###
### 13-Apr-2017 16:42:51 ###
### ###
###################################################

Target Module: ECU565-128 (DEV)
DEV Executable: UnmodifiedMotoHawkModel_013.srz
MotoTune DLL: UnmodifiedMotoHawkModel_013.dll

Project GUID: 5F89A2C4-B071-4908-A4AC-2A815C8EF35E
Build GUID: 792EB62F-FFF4-451D-B1A3-A5F3AFC705B8

### Generating code into build folder: H:\Desktop\5750 Final Project\Final Models\Final Models\UnmodifiedMotoHawkModel_Build
Warning: In release, R2015b, the "Generate preprocessor conditionals" global setting was removed from the Model Configuration Parameters > Code Generation (ert) > Interface pane. Generation of preprocessor conditionals is now a strict property of the individual variant blocks. You can run slConfigureVariantGPC('UnmodifiedMotoHawkModel','Disable all') to transfer the prior release global setting to the individual variant blocks. This will make your model behave the same way it did in the prior version of Simulink. Alternatively, you can run set_param('UnmodifiedMotoHawkModel','GeneratePreprocessorConditionals','Use local settings') to eliminate this warning and then manually configure the individual variant blocks' "Generate preprocessor conditionals" setting.
Warning: Matching "From" for "Goto" 'UnmodifiedMotoHawkModel/Function-Call Subsystem/Controller/Goto10' not found
Warning: Matching "From" for "Goto" 'UnmodifiedMotoHawkModel/Function-Call Subsystem/Controller/Goto14' not found
Warning: Matching "From" for "Goto" 'UnmodifiedMotoHawkModel/Function-Call Subsystem/Controller/Goto15' not found
Warning: Matching "From" for "Goto" 'UnmodifiedMotoHawkModel/Function-Call Subsystem/Controller/Goto16' not found
Warning: Matching "From" for "Goto" 'UnmodifiedMotoHawkModel/Function-Call Subsystem/Controller/Goto17' not found
Warning: Matching "From" for "Goto" 'UnmodifiedMotoHawkModel/Function-Call Subsystem/Controller/Goto5' not found
Warning: Matching "From" for "Goto" 'UnmodifiedMotoHawkModel/Function-Call Subsystem/Controller/Goto8' not found
Warning: Matching "From" for "Goto" 'UnmodifiedMotoHawkModel/Function-Call Subsystem/Controller/Goto9' not found
### Invoking Target Language Compiler on UnmodifiedMotoHawkModel.rtw
### Using System Target File: C:\Program Files (x86)\Woodward\MCS\MotoHawk\2016a_sp1.1722\Blocks\Build\motohawk_ert_rtw.tlc
### Loading TLC function libraries
......
### Initial pass through model to cache user defined code
..........................
### Caching model source code
...............................................................................
.................................
### Writing source file UnmodifiedMotoHawkModel.c
### Writing header file UnmodifiedMotoHawkModel_private.h
.
### Writing header file UnmodifiedMotoHawkModel.h
### Writing header file UnmodifiedMotoHawkModel_types.h
### Writing header file rtwtypes.h
### Writing header file zero_crossing_types.h
### Writing source file UnmodifiedMotoHawkModel_data.c
### TLC code generation complete.
.....
Warning: In block: <S5>/motohawk_dout7, resource: EST 1 is used as DiscreteOutput, but is already defined as PWMOutput in block: <S5>/motohawk_pwm
Warning: In block: <S5>/motohawk_dout7, resource: EST 1 is used as DiscreteOutput and as PWMOutput in block <S5>/motohawk_pwm. This resource can only be used once.
Warning: Digital Output: EMotorVoltage not created.
.........................................### Creating HTML report file UnmodifiedMotoHawkModel_codegen_rpt.html
.
### Processing Template Makefile: C:\Program Files (x86)\Woodward\MCS\MotoHawk\2016a_sp1.1722\Blocks\Build\motohawk_ert_rtw.tmf
### UnmodifiedMotoHawkModel.mk which is generated from C:\Program Files (x86)\Woodward\MCS\MotoHawk\2016a_sp1.1722\Blocks\Build\motohawk_ert_rtw.tmf is up to date
### Building UnmodifiedMotoHawkModel: .\UnmodifiedMotoHawkModel.bat
### Created Code and Build Scripts. Ready to Build ### 
Creating Application Descriptor...
...Finished Application Descriptor
### Starting MotoCoder v0.22.6 ###
Module: ClassicModule-MPC565
Module File: C:\Program Files (x86)\Woodward\MCS\MotoHawk\2016a_sp1.1722\MotoCoder\Modules\ClassicModule-MPC565.xml
Module Family: ClassicControlCore
Module Family Directory: C:\Program Files (x86)\Woodward\MCS\MotoHawk\2016a_sp1.1722\MotoCoder\ModuleFamilies\ClassicControlCore
Application Configuration File: .\MotoHawk_Extensions.xml
### Generating MotoTune DLL 
Parser mode is C Source Code 
Searching for files to parse 
Writing Vardec Library H:\Desktop\5750 Final Project\Final Models\Final Models\UnmodifiedMotoHawkModel_Build\TDB/ParsedVardecs.xml 
### Completed MotoTune DLL 
### Compiling and Linking 
Buildfile: file:///H:/Desktop/5750 Final Project/Final Models/Final Models/UnmodifiedMotoHawkModel_Build/UnmodifiedMotoHawkModel.build 
Target framework: Microsoft .NET Framework 4.0 
Target(s) specified: rebuild 


rebuild: 


clean: 

[clean delete] Deleting directory 'H:\Desktop\5750 Final Project\Final Models\Final Models\UnmodifiedMotoHawkModel_Build\Build'. 
[clean delete] Deleting directory 'H:\Desktop\5750 Final Project\Final Models\Final Models\UnmodifiedMotoHawkModel_Build\Archive'. 

all: 


init: 

[init mkdir] Creating directory 'H:\Desktop\5750 Final Project\Final Models\Final Models\UnmodifiedMotoHawkModel_Build\Build\Obj'. 
[init mkdir] Creating directory 'H:\Desktop\5750 Final Project\Final Models\Final Models\UnmodifiedMotoHawkModel_Build\Archive'. 
[init copy] Copying 4 Files to 'H:\Desktop\5750 Final Project\Final Models\Final Models\UnmodifiedMotoHawkModel_Build\Archive'. 
[echo] Low level symbolic debugging not available 

compile: 

[compile gcc-cpp] Compiling H:\Desktop\5750 Final Project\Final Models\Final Models\UnmodifiedMotoHawkModel_Build\Motohawk_Triggers_0.c 
[compile gcc-cpp] Compiling H:\Desktop\5750 Final Project\Final Models\Final Models\UnmodifiedMotoHawkModel_Build\MotoHawk_DataStores.c 
[compile gcc-cpp] Compiling H:\Desktop\5750 Final Project\Final Models\Final Models\UnmodifiedMotoHawkModel_Build\EncoderCallback.c 
[compile gcc-cpp] Compiling H:\Desktop\5750 Final Project\Final Models\Final Models\UnmodifiedMotoHawkModel_Build\UnmodifiedMotoHawkModel_data.c 
[compile gcc-cpp] Compiling H:\Desktop\5750 Final Project\Final Models\Final Models\UnmodifiedMotoHawkModel_Build\Application.c 
[compile gcc-cpp] Compiling H:\Desktop\5750 Final Project\Final Models\Final Models\UnmodifiedMotoHawkModel_Build\MotoCoder_DataStore.c 
[compile gcc-cpp] Compiling H:\Desktop\5750 Final Project\Final Models\Final Models\UnmodifiedMotoHawkModel_Build\AppMonitor.c 
[compile gcc-cpp] Compiling H:\Desktop\5750 Final Project\Final Models\Final Models\UnmodifiedMotoHawkModel_Build\MotoCoder.c 
[compile gcc-cpp] Compiling H:\Desktop\5750 Final Project\Final Models\Final Models\UnmodifiedMotoHawkModel_Build\ApplicationSecurity.c 
[compile gcc-cpp] Compiling H:\Desktop\5750 Final Project\Final Models\Final Models\UnmodifiedMotoHawkModel_Build\VarDecs.c 
[compile gcc-cpp] Compiling H:\Desktop\5750 Final Project\Final Models\Final Models\UnmodifiedMotoHawkModel_Build\MotoCoder_Timer.c 
[compile gcc-cpp] Compiling H:\Desktop\5750 Final Project\Final Models\Final Models\UnmodifiedMotoHawkModel_Build\MotoHawk_IO.c 
[compile gcc-cpp] Compiling H:\Desktop\5750 Final Project\Final Models\Final Models\UnmodifiedMotoHawkModel_Build\UnmodifiedMotoHawkModel.c 
[compile gcc-cpp] Compiling H:\Desktop\5750 Final Project\Final Models\Final Models\UnmodifiedMotoHawkModel_Build\TDB\TableDB.c 

link: 

[link gcc-ld] Linking UnmodifiedMotoHawkModel.elf 

s-records: 

[s-records gcc-objcopy] Generating UnmodifiedMotoHawkModel.run from UnmodifiedMotoHawkModel.elf 

BUILD SUCCEEDED 

Total time: 14.9 seconds. 

### Parsing ELF file 
### Call MotoConvert 
Project format is MPC5xx 
Toolchain format is GCC 
Transforming range 0x00400000-0x0041FFFF into 64 byte pages, filling holes with 0xFF... 
Transforming range 0x00000000-0x000FFFFF into 64 byte pages, filling holes with 0xFF... 
Searching for Table Database address 'EriRequestTableList'...Found at 0x00035B3C 
Searching for CRC Table address 'g_pCRCBlockPtr' ...Found at 0x00010000 
Calculating Application defined CRC's using 0xFF as the fill...OK. 
Searching for initialised section '.fixed_ramcals' aliased to '.fixed_romcals' ... 
Searching for initialised section '.ramcals' aliased to '.romcals' ... 
Adding RAM[0x003F8278], ROM[0x0003BE38], Length[0x0000000C] 
Searching for initialised section '.sdata' aliased to '.romsdata' ... 
Adding RAM[0x003F7000], ROM[0x0003BE44], Length[0x00000018] 
Searching for initialised section '.data' aliased to '.romdata' ... 
Ignoring zero length section at RAM[0x003F7000], ROM[0x0003BE44] 
Complete. 
Writing file sr://Target\UnmodifiedMotoHawkModel_hdr.sr... 
Encrypting 'sr://Target\UnmodifiedMotoHawkModel_hdr.sr' into 'srz://.\Target\UnmodifiedMotoHawkModel_013.srz' ... 
Done. 
Project format is MPC5xx 
Toolchain format is GreenHills 
Complete. 
Writing file sr://Target\UnmodifiedMotoHawkModel.sr... 
Done. 
### Creating Build Statistics 
Memory Summary:
FLASH: 179996 bytes 18% of 982784
UnmodifiedMotoHawkModel_M: 4 bytes 0% of 982784
NonVolatileDefault: 12 bytes 0% of 982784
DECRAM: 4096 bytes 100% of 4096
FgndTimeStack: 3072 bytes 75% of 4096
IdleStack: 1024 bytes 25% of 4096
INTERNAL_RAM: 12320 bytes 34% of 36720
NonVolatileWork: 12 bytes 0% of 36720
BgndStack: 2048 bytes 6% of 36720
InterruptStack: 1536 bytes 4% of 36720
Heap: 4096 bytes 11% of 36720
EXTENDED_RAM: 1722 bytes 0% of 1024K
UnmodifiedMotoHawkModel_B: 124 bytes 0% of 1024K
UnmodifiedMotoHawkModel_DWork: 96 bytes 0% of 1024K
UnmodifiedMotoHawkModel_M_: 8 bytes 0% of 1024K
CAL_SPACE: 204 bytes 0% of 65536
ConstantWork: 48 bytes 0% of 65536
EEPROM_SPACE: 15 bytes 0% of 8192

### Copy UnmodifiedMotoHawkModel_013.dll and UnmodifiedMotoHawkModel_013.srz 
### Successful Build with MotoCoder 
Elapsed Build Time: 1 minutes, 46.6 seconds (106.6 seconds) 
#############################################################################
###
### Target Module: ECU565-128
### Created Development Executable: UnmodifiedMotoHawkModel_013.srz
### Created MotoTune DLL: UnmodifiedMotoHawkModel_013.dll
###
### Successful MotoHawk Build for model: UnmodifiedMotoHawkModel
###
#############################################################################

